#-----------------------------------------------------------
# Vivado v2024.2 (64-bit)
# SW Build 5239630 on Fri Nov 08 22:35:27 MST 2024
# IP Build 5239520 on Sun Nov 10 16:12:51 MST 2024
# SharedData Build 5239561 on Fri Nov 08 14:39:27 MST 2024
# Start of session at: Fri Apr 11 09:34:23 2025
# Process ID         : 20208
# Current directory  : C:/Users/tadea/OneDrive - VUT/Dokumenty/GitHub/De1-project/car_parking_sensors
# Command line       : vivado.exe -gui_launcher_event rodinguilauncherevent22276 C:\Users\tadea\OneDrive - VUT\Dokumenty\GitHub\De1-project\car_parking_sensors\car_parking_sensors.xpr
# Log file           : C:/Users/tadea/OneDrive - VUT/Dokumenty/GitHub/De1-project/car_parking_sensors/vivado.log
# Journal file       : C:/Users/tadea/OneDrive - VUT/Dokumenty/GitHub/De1-project/car_parking_sensors\vivado.jou
# Running On         : LAPTOP-8AMEJRL6
# Platform           : Windows Server 2016 or Windows 10
# Operating System   : 26100
# Processor Detail   : 12th Gen Intel(R) Core(TM) i5-12450H
# CPU Frequency      : 2496 MHz
# CPU Physical cores : 8
# CPU Logical cores  : 12
# Host memory        : 16857 MB
# Swap memory        : 1073 MB
# Total Virtual      : 17931 MB
# Available Virtual  : 7738 MB
#-----------------------------------------------------------
start_gui
open_project {C:/Users/tadea/OneDrive - VUT/Dokumenty/GitHub/De1-project/car_parking_sensors/car_parking_sensors.xpr}
INFO: [Project 1-313] Project file moved from 'C:/Users/DELL_KM/Desktop/DE1/DE1_CPP/Projekt/De1-project/car_parking_sensors' since last save.
WARNING: [filemgmt 56-2] Board Part Repository Path: Could not find the directory 'C:/Users/AppData/Roaming/Xilinx/Vivado/2024.1/xhub/board_store/xilinx_board_store', nor could it be found using path 'C:/Users/DELL_KM/AppData/Roaming/Xilinx/Vivado/2024.1/xhub/board_store/xilinx_board_store'.
INFO: [filemgmt 56-3] Default IP Output Path : Could not find the directory 'C:/Users/tadea/OneDrive - VUT/Dokumenty/GitHub/De1-project/car_parking_sensors/car_parking_sensors.gen/sources_1'.
Scanning sources...
Finished scanning sources
INFO: [Project 1-230] Project 'car_parking_sensors.xpr' upgraded for this version of Vivado.
INFO: [IP_Flow 19-234] Refreshing IP repositories
INFO: [IP_Flow 19-1704] No user IP repositories specified
INFO: [IP_Flow 19-2313] Loaded Vivado IP repository 'C:/Xilinx/Vivado/2024.2/data/ip'.
update_compile_order -fileset sources_1
close [ open {C:/Users/tadea/OneDrive - VUT/Dokumenty/GitHub/De1-project/car_parking_sensors/car_parking_sensors.srcs/sources_1/new/Displays.vhd} w ]
add_files {{C:/Users/tadea/OneDrive - VUT/Dokumenty/GitHub/De1-project/car_parking_sensors/car_parking_sensors.srcs/sources_1/new/Displays.vhd}}
update_compile_order -fileset sources_1
set_property SOURCE_SET sources_1 [get_filesets sim_1]
close [ open {C:/Users/tadea/OneDrive - VUT/Dokumenty/GitHub/De1-project/car_parking_sensors/car_parking_sensors.srcs/sim_1/new/Displays_tb.vhd} w ]
add_files -fileset sim_1 {{C:/Users/tadea/OneDrive - VUT/Dokumenty/GitHub/De1-project/car_parking_sensors/car_parking_sensors.srcs/sim_1/new/Displays_tb.vhd}}
update_compile_order -fileset sim_1
WARNING: [filemgmt 56-199] Attempt to get parsing info during refresh. "On-the-fly" syntax checking information may be incorrect. [C:\Users\tadea\OneDrive - VUT\Dokumenty\GitHub\De1-project\car_parking_sensors\car_parking_sensors.srcs\sim_1\new\Displays_tb.vhd:]
WARNING: [filemgmt 56-199] Attempt to get parsing info during refresh. "On-the-fly" syntax checking information may be incorrect. [C:\Users\tadea\OneDrive - VUT\Dokumenty\GitHub\De1-project\car_parking_sensors\car_parking_sensors.srcs\sources_1\new\Displays.vhd:]
WARNING: [filemgmt 56-199] Attempt to get parsing info during refresh. "On-the-fly" syntax checking information may be incorrect. [C:\Users\tadea\OneDrive - VUT\Dokumenty\GitHub\De1-project\car_parking_sensors\car_parking_sensors.srcs\sim_1\new\Displays_tb.vhd:]
WARNING: [filemgmt 56-199] Attempt to get parsing info during refresh. "On-the-fly" syntax checking information may be incorrect. [C:\Users\tadea\OneDrive - VUT\Dokumenty\GitHub\De1-project\car_parking_sensors\car_parking_sensors.srcs\sim_1\new\Displays_tb.vhd:]
launch_simulation
ERROR: [Common 17-1293] The path 'C:/Users/tadea/OneDrive - VUT/Dokumenty/GitHub/De1-project/car_parking_sensors/car_parking_sensors.cache/wt' already exists, is a directory, but is not writable.
ERROR: [Common 17-180] Spawn failed: No error
exit
INFO: [Common 17-206] Exiting Vivado at Fri Apr 11 10:39:30 2025...
