
*** Running vivado
    with args -log top_level.vds -m64 -product Vivado -mode batch -messageDb vivado.pb -notrace -source top_level.tcl



****** Vivado v2024.1 (64-bit)
  **** SW Build 5076996 on Wed May 22 18:37:14 MDT 2024
  **** IP Build 5075265 on Wed May 22 21:45:21 MDT 2024
  **** SharedData Build 5076995 on Wed May 22 18:29:18 MDT 2024
  **** Start of session at: Wed Apr 30 15:11:06 2025
    ** Copyright 1986-2022 Xilinx, Inc. All Rights Reserved.
    ** Copyright 2022-2024 Advanced Micro Devices, Inc. All Rights Reserved.

source top_level.tcl -notrace
create_project: Time (s): cpu = 00:00:13 ; elapsed = 00:00:14 . Memory (MB): peak = 514.805 ; gain = 199.008
Command: read_checkpoint -auto_incremental -incremental C:/Users/DELL_KM/Desktop/DE1/DE1_CPP/Projekt/De1-project/car_parking_sensors/car_parking_sensors.srcs/utils_1/imports/synth_1/top_level.dcp
INFO: [Vivado 12-5825] Read reference checkpoint from C:/Users/DELL_KM/Desktop/DE1/DE1_CPP/Projekt/De1-project/car_parking_sensors/car_parking_sensors.srcs/utils_1/imports/synth_1/top_level.dcp for incremental synthesis
INFO: [Vivado 12-7989] Please ensure there are no constraint changes
Command: synth_design -top top_level -part xc7a50ticsg324-1L
Starting synth_design
Attempting to get a license for feature 'Synthesis' and/or device 'xc7a50ti'
INFO: [Common 17-349] Got license for feature 'Synthesis' and/or device 'xc7a50ti'
INFO: [Device 21-403] Loading part xc7a50ticsg324-1L
INFO: [Device 21-9227] Part: xc7a50ticsg324-1L does not have CEAM library.
INFO: [Designutils 20-5440] No compile time benefit to using incremental synthesis; A full resynthesis will be run
INFO: [Designutils 20-4379] Flow is switching to default flow due to incremental criteria not met. If you would like to alter this behaviour and have the flow terminate instead, please set the following parameter config_implementation {autoIncr.Synth.RejectBehavior Terminate}
INFO: [Synth 8-7079] Multithreading enabled for synth_design using a maximum of 2 processes.
INFO: [Synth 8-7078] Launching helper process for spawning children vivado processes
INFO: [Synth 8-7075] Helper process launched with PID 27852
---------------------------------------------------------------------------------
Starting RTL Elaboration : Time (s): cpu = 00:00:10 ; elapsed = 00:00:10 . Memory (MB): peak = 1369.281 ; gain = 447.973
---------------------------------------------------------------------------------
INFO: [Synth 8-638] synthesizing module 'top_level' [C:/Users/DELL_KM/Desktop/DE1/DE1_CPP/Projekt/De1-project/car_parking_sensors/car_parking_sensors.srcs/sources_1/new/top_level.vhd:38]
WARNING: [Synth 8-5640] Port 'clk_1mhz_out' is missing in component declaration [C:/Users/DELL_KM/Desktop/DE1/DE1_CPP/Projekt/De1-project/car_parking_sensors/car_parking_sensors.srcs/sources_1/new/top_level.vhd:40]
	Parameter n_bits bound to: 14 - type: integer 
INFO: [Synth 8-3491] module 'main' declared at 'C:/Users/DELL_KM/Desktop/DE1/DE1_CPP/Projekt/De1-project/car_parking_sensors/car_parking_sensors.srcs/sources_1/new/main.vhd:5' bound to instance 'main0' of component 'main' [C:/Users/DELL_KM/Desktop/DE1/DE1_CPP/Projekt/De1-project/car_parking_sensors/car_parking_sensors.srcs/sources_1/new/top_level.vhd:100]
INFO: [Synth 8-638] synthesizing module 'main' [C:/Users/DELL_KM/Desktop/DE1/DE1_CPP/Projekt/De1-project/car_parking_sensors/car_parking_sensors.srcs/sources_1/new/main.vhd:26]
	Parameter n_bits bound to: 14 - type: integer 
INFO: [Synth 8-256] done synthesizing module 'main' (0#1) [C:/Users/DELL_KM/Desktop/DE1/DE1_CPP/Projekt/De1-project/car_parking_sensors/car_parking_sensors.srcs/sources_1/new/main.vhd:26]
INFO: [Synth 8-3491] module 'my_buzzer' declared at 'C:/Users/DELL_KM/Desktop/DE1/DE1_CPP/Projekt/De1-project/car_parking_sensors/car_parking_sensors.srcs/sources_1/new/my_buzzer.vhd:5' bound to instance 'buzz' of component 'my_buzzer' [C:/Users/DELL_KM/Desktop/DE1/DE1_CPP/Projekt/De1-project/car_parking_sensors/car_parking_sensors.srcs/sources_1/new/top_level.vhd:120]
INFO: [Synth 8-638] synthesizing module 'my_buzzer' [C:/Users/DELL_KM/Desktop/DE1/DE1_CPP/Projekt/De1-project/car_parking_sensors/car_parking_sensors.srcs/sources_1/new/my_buzzer.vhd:13]
INFO: [Synth 8-256] done synthesizing module 'my_buzzer' (0#1) [C:/Users/DELL_KM/Desktop/DE1/DE1_CPP/Projekt/De1-project/car_parking_sensors/car_parking_sensors.srcs/sources_1/new/my_buzzer.vhd:13]
INFO: [Synth 8-3491] module 'my_led' declared at 'C:/Users/DELL_KM/Desktop/DE1/DE1_CPP/Projekt/De1-project/car_parking_sensors/car_parking_sensors.srcs/sources_1/new/my_led.vhd:5' bound to instance 'led' of component 'my_led' [C:/Users/DELL_KM/Desktop/DE1/DE1_CPP/Projekt/De1-project/car_parking_sensors/car_parking_sensors.srcs/sources_1/new/top_level.vhd:127]
INFO: [Synth 8-638] synthesizing module 'my_led' [C:/Users/DELL_KM/Desktop/DE1/DE1_CPP/Projekt/De1-project/car_parking_sensors/car_parking_sensors.srcs/sources_1/new/my_led.vhd:15]
INFO: [Synth 8-256] done synthesizing module 'my_led' (0#1) [C:/Users/DELL_KM/Desktop/DE1/DE1_CPP/Projekt/De1-project/car_parking_sensors/car_parking_sensors.srcs/sources_1/new/my_led.vhd:15]
INFO: [Synth 8-3491] module 'seg_disp' declared at 'C:/Users/DELL_KM/Desktop/DE1/DE1_CPP/Projekt/De1-project/car_parking_sensors/car_parking_sensors.srcs/sources_1/new/seg_disp.vhd:5' bound to instance 'display' of component 'seg_disp' [C:/Users/DELL_KM/Desktop/DE1/DE1_CPP/Projekt/De1-project/car_parking_sensors/car_parking_sensors.srcs/sources_1/new/top_level.vhd:136]
INFO: [Synth 8-638] synthesizing module 'seg_disp' [C:/Users/DELL_KM/Desktop/DE1/DE1_CPP/Projekt/De1-project/car_parking_sensors/car_parking_sensors.srcs/sources_1/new/seg_disp.vhd:18]
INFO: [Synth 8-256] done synthesizing module 'seg_disp' (0#1) [C:/Users/DELL_KM/Desktop/DE1/DE1_CPP/Projekt/De1-project/car_parking_sensors/car_parking_sensors.srcs/sources_1/new/seg_disp.vhd:18]
INFO: [Synth 8-256] done synthesizing module 'top_level' (0#1) [C:/Users/DELL_KM/Desktop/DE1/DE1_CPP/Projekt/De1-project/car_parking_sensors/car_parking_sensors.srcs/sources_1/new/top_level.vhd:38]
WARNING: [Synth 8-6014] Unused sequential element trig2_reg was removed.  [C:/Users/DELL_KM/Desktop/DE1/DE1_CPP/Projekt/De1-project/car_parking_sensors/car_parking_sensors.srcs/sources_1/new/main.vhd:112]
WARNING: [Synth 8-6014] Unused sequential element trig3_reg was removed.  [C:/Users/DELL_KM/Desktop/DE1/DE1_CPP/Projekt/De1-project/car_parking_sensors/car_parking_sensors.srcs/sources_1/new/main.vhd:113]
WARNING: [Synth 8-6014] Unused sequential element trig4_reg was removed.  [C:/Users/DELL_KM/Desktop/DE1/DE1_CPP/Projekt/De1-project/car_parking_sensors/car_parking_sensors.srcs/sources_1/new/main.vhd:114]
WARNING: [Synth 8-6014] Unused sequential element dist1_reg was removed.  [C:/Users/DELL_KM/Desktop/DE1/DE1_CPP/Projekt/De1-project/car_parking_sensors/car_parking_sensors.srcs/sources_1/new/seg_disp.vhd:40]
WARNING: [Synth 8-6014] Unused sequential element dist2_reg was removed.  [C:/Users/DELL_KM/Desktop/DE1/DE1_CPP/Projekt/De1-project/car_parking_sensors/car_parking_sensors.srcs/sources_1/new/seg_disp.vhd:41]
WARNING: [Synth 8-6014] Unused sequential element dist3_reg was removed.  [C:/Users/DELL_KM/Desktop/DE1/DE1_CPP/Projekt/De1-project/car_parking_sensors/car_parking_sensors.srcs/sources_1/new/seg_disp.vhd:42]
WARNING: [Synth 8-6014] Unused sequential element dist4_reg was removed.  [C:/Users/DELL_KM/Desktop/DE1/DE1_CPP/Projekt/De1-project/car_parking_sensors/car_parking_sensors.srcs/sources_1/new/seg_disp.vhd:43]
WARNING: [Synth 8-3917] design top_level has port DP driven by constant 1
---------------------------------------------------------------------------------
Finished RTL Elaboration : Time (s): cpu = 00:00:12 ; elapsed = 00:00:13 . Memory (MB): peak = 1482.746 ; gain = 561.438
---------------------------------------------------------------------------------
---------------------------------------------------------------------------------
Start Handling Custom Attributes
---------------------------------------------------------------------------------
---------------------------------------------------------------------------------
Finished Handling Custom Attributes : Time (s): cpu = 00:00:13 ; elapsed = 00:00:13 . Memory (MB): peak = 1482.746 ; gain = 561.438
---------------------------------------------------------------------------------
---------------------------------------------------------------------------------
Finished RTL Optimization Phase 1 : Time (s): cpu = 00:00:13 ; elapsed = 00:00:13 . Memory (MB): peak = 1482.746 ; gain = 561.438
---------------------------------------------------------------------------------
Netlist sorting complete. Time (s): cpu = 00:00:00 ; elapsed = 00:00:00.015 . Memory (MB): peak = 1482.746 ; gain = 0.000
INFO: [Project 1-570] Preparing netlist for logic optimization

Processing XDC Constraints
Initializing timing engine
Parsing XDC File [C:/Users/DELL_KM/Desktop/DE1/DE1_CPP/Projekt/De1-project/car_parking_sensors/car_parking_sensors.srcs/constrs_1/new/nexys.xdc]
Finished Parsing XDC File [C:/Users/DELL_KM/Desktop/DE1/DE1_CPP/Projekt/De1-project/car_parking_sensors/car_parking_sensors.srcs/constrs_1/new/nexys.xdc]
INFO: [Project 1-236] Implementation specific constraints were found while reading constraint file [C:/Users/DELL_KM/Desktop/DE1/DE1_CPP/Projekt/De1-project/car_parking_sensors/car_parking_sensors.srcs/constrs_1/new/nexys.xdc]. These constraints will be ignored for synthesis but will be used in implementation. Impacted constraints are listed in the file [.Xil/top_level_propImpl.xdc].
Resolution: To avoid this warning, move constraints listed in [.Xil/top_level_propImpl.xdc] to another XDC file and exclude this new file from synthesis with the used_in_synthesis property (File Properties dialog in GUI) and re-run elaboration/synthesis.
Completed Processing XDC Constraints

Netlist sorting complete. Time (s): cpu = 00:00:00 ; elapsed = 00:00:00 . Memory (MB): peak = 1525.414 ; gain = 0.000
INFO: [Project 1-111] Unisim Transformation Summary:
No Unisim elements were transformed.

Constraint Validation Runtime : Time (s): cpu = 00:00:00 ; elapsed = 00:00:00.008 . Memory (MB): peak = 1525.414 ; gain = 0.000
INFO: [Designutils 20-5440] No compile time benefit to using incremental synthesis; A full resynthesis will be run
INFO: [Designutils 20-4379] Flow is switching to default flow due to incremental criteria not met. If you would like to alter this behaviour and have the flow terminate instead, please set the following parameter config_implementation {autoIncr.Synth.RejectBehavior Terminate}
---------------------------------------------------------------------------------
Finished Constraint Validation : Time (s): cpu = 00:00:26 ; elapsed = 00:00:27 . Memory (MB): peak = 1525.414 ; gain = 604.105
---------------------------------------------------------------------------------
---------------------------------------------------------------------------------
Start Loading Part and Timing Information
---------------------------------------------------------------------------------
Loading part: xc7a50ticsg324-1L
---------------------------------------------------------------------------------
Finished Loading Part and Timing Information : Time (s): cpu = 00:00:26 ; elapsed = 00:00:27 . Memory (MB): peak = 1525.414 ; gain = 604.105
---------------------------------------------------------------------------------
---------------------------------------------------------------------------------
Start Applying 'set_property' XDC Constraints
---------------------------------------------------------------------------------
---------------------------------------------------------------------------------
Finished applying 'set_property' XDC Constraints : Time (s): cpu = 00:00:26 ; elapsed = 00:00:27 . Memory (MB): peak = 1525.414 ; gain = 604.105
---------------------------------------------------------------------------------
INFO: [Synth 8-802] inferred FSM for state register 'process_num_reg' in module 'seg_disp'
---------------------------------------------------------------------------------------------------
                   State |                     New Encoding |                Previous Encoding 
---------------------------------------------------------------------------------------------------
                 iSTATE0 |                              001 |                               01
                 iSTATE1 |                              010 |                               10
                  iSTATE |                              100 |                               11
*
---------------------------------------------------------------------------------------------------
INFO: [Synth 8-3354] encoded FSM with state register 'process_num_reg' using encoding 'one-hot' in module 'seg_disp'
---------------------------------------------------------------------------------
Finished RTL Optimization Phase 2 : Time (s): cpu = 00:00:27 ; elapsed = 00:00:28 . Memory (MB): peak = 1525.414 ; gain = 604.105
---------------------------------------------------------------------------------
---------------------------------------------------------------------------------
Start RTL Component Statistics 
---------------------------------------------------------------------------------
Detailed RTL Component Info : 
+---Adders : 
	   2 Input   32 Bit       Adders := 1     
	   2 Input   31 Bit       Adders := 1     
	   2 Input   17 Bit       Adders := 2     
	   2 Input    8 Bit       Adders := 1     
	   2 Input    6 Bit       Adders := 1     
	   2 Input    5 Bit       Adders := 1     
	   2 Input    4 Bit       Adders := 1     
+---Registers : 
	               32 Bit    Registers := 2     
	               31 Bit    Registers := 1     
	               28 Bit    Registers := 1     
	               17 Bit    Registers := 2     
	               15 Bit    Registers := 4     
	                9 Bit    Registers := 1     
	                8 Bit    Registers := 6     
	                6 Bit    Registers := 1     
	                5 Bit    Registers := 1     
	                4 Bit    Registers := 1     
	                1 Bit    Registers := 5     
+---Muxes : 
	   2 Input   32 Bit        Muxes := 5     
	   2 Input   31 Bit        Muxes := 1     
	   2 Input   30 Bit        Muxes := 1     
	   2 Input   29 Bit        Muxes := 1     
	   2 Input   28 Bit        Muxes := 1     
	   2 Input   27 Bit        Muxes := 1     
	   2 Input   26 Bit        Muxes := 1     
	   2 Input    8 Bit        Muxes := 1     
	   4 Input    8 Bit        Muxes := 2     
	   3 Input    8 Bit        Muxes := 1     
	   2 Input    7 Bit        Muxes := 3     
	   5 Input    7 Bit        Muxes := 1     
	   4 Input    7 Bit        Muxes := 1     
	   2 Input    5 Bit        Muxes := 3     
	   2 Input    4 Bit        Muxes := 2     
	   2 Input    3 Bit        Muxes := 1     
	   3 Input    3 Bit        Muxes := 1     
	   2 Input    1 Bit        Muxes := 2     
	   4 Input    1 Bit        Muxes := 1     
---------------------------------------------------------------------------------
Finished RTL Component Statistics 
---------------------------------------------------------------------------------
---------------------------------------------------------------------------------
Start Part Resource Summary
---------------------------------------------------------------------------------
Part Resources:
DSPs: 120 (col length:60)
BRAMs: 150 (col length: RAMB18 60 RAMB36 30)
---------------------------------------------------------------------------------
Finished Part Resource Summary
---------------------------------------------------------------------------------
---------------------------------------------------------------------------------
Start Cross Boundary and Area Optimization
---------------------------------------------------------------------------------
WARNING: [Synth 8-7080] Parallel synthesis criteria is not met
DSP Report: Generating DSP local_min3, operation Mode is: A*(B:0x157).
DSP Report: operator local_min3 is absorbed into DSP local_min3.
DSP Report: Generating DSP local_min3, operation Mode is: A*(B:0x157).
DSP Report: operator local_min3 is absorbed into DSP local_min3.
DSP Report: Generating DSP local_min3, operation Mode is: A*(B:0x157).
DSP Report: operator local_min3 is absorbed into DSP local_min3.
DSP Report: Generating DSP local_min3, operation Mode is: A*(B:0x157).
DSP Report: operator local_min3 is absorbed into DSP local_min3.
WARNING: [Synth 8-3917] design top_level has port DP driven by constant 1
---------------------------------------------------------------------------------
Finished Cross Boundary and Area Optimization : Time (s): cpu = 00:00:38 ; elapsed = 00:00:40 . Memory (MB): peak = 1525.414 ; gain = 604.105
---------------------------------------------------------------------------------
 Sort Area is  local_min3_0 : 0 0 : 416 416 : Used 1 time 0
 Sort Area is  local_min3_2 : 0 0 : 416 416 : Used 1 time 0
 Sort Area is  local_min3_3 : 0 0 : 416 416 : Used 1 time 0
 Sort Area is  local_min3_4 : 0 0 : 416 416 : Used 1 time 0
---------------------------------------------------------------------------------
Start ROM, RAM, DSP, Shift Register and Retiming Reporting
---------------------------------------------------------------------------------

DSP: Preliminary Mapping Report (see note below. The ' indicates corresponding REG is set)
+------------+-------------+--------+--------+--------+--------+--------+------+------+------+------+-------+------+------+
|Module Name | DSP Mapping | A Size | B Size | C Size | D Size | P Size | AREG | BREG | CREG | DREG | ADREG | MREG | PREG | 
+------------+-------------+--------+--------+--------+--------+--------+------+------+------+------+-------+------+------+
|seg_disp    | A*(B:0x157) | 15     | 9      | -      | -      | 24     | 0    | 0    | -    | -    | -     | 0    | 0    | 
|seg_disp    | A*(B:0x157) | 15     | 9      | -      | -      | 24     | 0    | 0    | -    | -    | -     | 0    | 0    | 
|seg_disp    | A*(B:0x157) | 15     | 9      | -      | -      | 24     | 0    | 0    | -    | -    | -     | 0    | 0    | 
|seg_disp    | A*(B:0x157) | 15     | 9      | -      | -      | 24     | 0    | 0    | -    | -    | -     | 0    | 0    | 
+------------+-------------+--------+--------+--------+--------+--------+------+------+------+------+-------+------+------+

Note: The table above is a preliminary report that shows the DSPs inferred at the current stage of the synthesis flow. Some DSP may be reimplemented as non DSP primitives later in the synthesis flow. Multiple instantiated DSPs are reported only once.
---------------------------------------------------------------------------------
Finished ROM, RAM, DSP, Shift Register and Retiming Reporting
---------------------------------------------------------------------------------
---------------------------------------------------------------------------------
Start Applying XDC Timing Constraints
---------------------------------------------------------------------------------
---------------------------------------------------------------------------------
Finished Applying XDC Timing Constraints : Time (s): cpu = 00:00:53 ; elapsed = 00:00:55 . Memory (MB): peak = 1525.414 ; gain = 604.105
---------------------------------------------------------------------------------
---------------------------------------------------------------------------------
Start Timing Optimization
---------------------------------------------------------------------------------
---------------------------------------------------------------------------------
Finished Timing Optimization : Time (s): cpu = 00:00:53 ; elapsed = 00:00:55 . Memory (MB): peak = 1525.414 ; gain = 604.105
---------------------------------------------------------------------------------
---------------------------------------------------------------------------------
Start Technology Mapping
---------------------------------------------------------------------------------
---------------------------------------------------------------------------------
Finished Technology Mapping : Time (s): cpu = 00:00:54 ; elapsed = 00:00:56 . Memory (MB): peak = 1531.055 ; gain = 609.746
---------------------------------------------------------------------------------
---------------------------------------------------------------------------------
Start IO Insertion
---------------------------------------------------------------------------------
---------------------------------------------------------------------------------
Start Flattening Before IO Insertion
---------------------------------------------------------------------------------
---------------------------------------------------------------------------------
Finished Flattening Before IO Insertion
---------------------------------------------------------------------------------
---------------------------------------------------------------------------------
Start Final Netlist Cleanup
---------------------------------------------------------------------------------
---------------------------------------------------------------------------------
Finished Final Netlist Cleanup
---------------------------------------------------------------------------------
---------------------------------------------------------------------------------
Finished IO Insertion : Time (s): cpu = 00:01:04 ; elapsed = 00:01:07 . Memory (MB): peak = 1535.547 ; gain = 614.238
---------------------------------------------------------------------------------
---------------------------------------------------------------------------------
Start Renaming Generated Instances
---------------------------------------------------------------------------------
---------------------------------------------------------------------------------
Finished Renaming Generated Instances : Time (s): cpu = 00:01:04 ; elapsed = 00:01:07 . Memory (MB): peak = 1535.547 ; gain = 614.238
---------------------------------------------------------------------------------
---------------------------------------------------------------------------------
Start Rebuilding User Hierarchy
---------------------------------------------------------------------------------
---------------------------------------------------------------------------------
Finished Rebuilding User Hierarchy : Time (s): cpu = 00:01:04 ; elapsed = 00:01:07 . Memory (MB): peak = 1535.547 ; gain = 614.238
---------------------------------------------------------------------------------
---------------------------------------------------------------------------------
Start Renaming Generated Ports
---------------------------------------------------------------------------------
---------------------------------------------------------------------------------
Finished Renaming Generated Ports : Time (s): cpu = 00:01:04 ; elapsed = 00:01:07 . Memory (MB): peak = 1535.547 ; gain = 614.238
---------------------------------------------------------------------------------
---------------------------------------------------------------------------------
Start Handling Custom Attributes
---------------------------------------------------------------------------------
---------------------------------------------------------------------------------
Finished Handling Custom Attributes : Time (s): cpu = 00:01:05 ; elapsed = 00:01:07 . Memory (MB): peak = 1535.547 ; gain = 614.238
---------------------------------------------------------------------------------
---------------------------------------------------------------------------------
Start Renaming Generated Nets
---------------------------------------------------------------------------------
---------------------------------------------------------------------------------
Finished Renaming Generated Nets : Time (s): cpu = 00:01:05 ; elapsed = 00:01:07 . Memory (MB): peak = 1535.547 ; gain = 614.238
---------------------------------------------------------------------------------
---------------------------------------------------------------------------------
Start Writing Synthesis Report
---------------------------------------------------------------------------------

DSP Final Report (the ' indicates corresponding REG is set)
+------------+-------------+--------+--------+--------+--------+--------+------+------+------+------+-------+------+------+
|Module Name | DSP Mapping | A Size | B Size | C Size | D Size | P Size | AREG | BREG | CREG | DREG | ADREG | MREG | PREG | 
+------------+-------------+--------+--------+--------+--------+--------+------+------+------+------+-------+------+------+
|seg_disp    | A'*B        | 15     | 9      | -      | -      | 24     | 1    | 0    | -    | -    | -     | 0    | 0    | 
|seg_disp    | A'*B        | 15     | 9      | -      | -      | 24     | 1    | 0    | -    | -    | -     | 0    | 0    | 
|seg_disp    | A'*B        | 15     | 9      | -      | -      | 24     | 1    | 0    | -    | -    | -     | 0    | 0    | 
|seg_disp    | A'*B        | 15     | 9      | -      | -      | 24     | 1    | 0    | -    | -    | -     | 0    | 0    | 
+------------+-------------+--------+--------+--------+--------+--------+------+------+------+------+-------+------+------+


Report BlackBoxes: 
+-+--------------+----------+
| |BlackBox name |Instances |
+-+--------------+----------+
+-+--------------+----------+

Report Cell Usage: 
+------+--------+------+
|      |Cell    |Count |
+------+--------+------+
|1     |BUFG    |     2|
|2     |CARRY4  |   242|
|3     |DSP48E1 |     4|
|4     |LUT1    |    50|
|5     |LUT2    |   317|
|6     |LUT3    |   413|
|7     |LUT4    |   368|
|8     |LUT5    |   144|
|9     |LUT6    |   186|
|10    |FDRE    |   226|
|11    |FDSE    |     2|
|12    |IBUF    |     5|
|13    |OBUF    |    24|
+------+--------+------+
---------------------------------------------------------------------------------
Finished Writing Synthesis Report : Time (s): cpu = 00:01:05 ; elapsed = 00:01:07 . Memory (MB): peak = 1535.547 ; gain = 614.238
---------------------------------------------------------------------------------
Synthesis finished with 0 errors, 0 critical warnings and 2 warnings.
Synthesis Optimization Runtime : Time (s): cpu = 00:00:50 ; elapsed = 00:01:05 . Memory (MB): peak = 1535.547 ; gain = 571.570
Synthesis Optimization Complete : Time (s): cpu = 00:01:05 ; elapsed = 00:01:07 . Memory (MB): peak = 1535.547 ; gain = 614.238
INFO: [Project 1-571] Translating synthesized netlist
Netlist sorting complete. Time (s): cpu = 00:00:00 ; elapsed = 00:00:00.024 . Memory (MB): peak = 1535.547 ; gain = 0.000
INFO: [Netlist 29-17] Analyzing 246 Unisim elements for replacement
INFO: [Netlist 29-28] Unisim Transformation completed in 0 CPU seconds
INFO: [Project 1-570] Preparing netlist for logic optimization
INFO: [Opt 31-138] Pushed 0 inverter(s) to 0 load pin(s).
Netlist sorting complete. Time (s): cpu = 00:00:00 ; elapsed = 00:00:00 . Memory (MB): peak = 1535.547 ; gain = 0.000
INFO: [Project 1-111] Unisim Transformation Summary:
No Unisim elements were transformed.

Synth Design complete | Checksum: 2e0617fa
INFO: [Common 17-83] Releasing license: Synthesis
38 Infos, 11 Warnings, 0 Critical Warnings and 0 Errors encountered.
synth_design completed successfully
synth_design: Time (s): cpu = 00:01:13 ; elapsed = 00:01:18 . Memory (MB): peak = 1535.547 ; gain = 1014.578
Write ShapeDB Complete: Time (s): cpu = 00:00:00 ; elapsed = 00:00:00.014 . Memory (MB): peak = 1535.547 ; gain = 0.000
INFO: [Common 17-1381] The checkpoint 'C:/Users/DELL_KM/Desktop/DE1/DE1_CPP/Projekt/De1-project/car_parking_sensors/car_parking_sensors.runs/synth_1/top_level.dcp' has been generated.
INFO: [Vivado 12-24828] Executing command : report_utilization -file top_level_utilization_synth.rpt -pb top_level_utilization_synth.pb
INFO: [Common 17-206] Exiting Vivado at Wed Apr 30 15:12:46 2025...
